# JRE version: OpenJDK Runtime Environment (11.0.2+9) (build 11.0.2+9)
# Java VM: OpenJDK 64-Bit Server VM (11.0.2+9, mixed mode, tiered, compressed oops, g1 gc, windows-amd64)
Heap:
 garbage-first heap   total 567296K, used 357870K [0x0000000680c00000, 0x0000000800000000)
  region size 1024K, 330 young (337920K), 24 survivors (24576K)
 Metaspace       used 95738K, capacity 98969K, committed 99200K, reserved 1134592K
  class space    used 12764K, capacity 14150K, committed 14208K, reserved 1048576K
GC Heap History (10 events):
Event: 3.186 GC heap after
{Heap after GC invocations=8 (full 0):
 garbage-first heap   total 472064K, used 25229K [0x0000000680c00000, 0x0000000800000000)
  region size 1024K, 11 young (11264K), 11 survivors (11264K)
 Metaspace       used 37032K, capacity 38115K, committed 38272K, reserved 1083392K
  class space    used 4453K, capacity 4891K, committed 4992K, reserved 1048576K
}
Event: 5.302 GC heap before
{Heap before GC invocations=8 (full 0):
 garbage-first heap   total 472064K, used 295565K [0x0000000680c00000, 0x0000000800000000)
  region size 1024K, 276 young (282624K), 11 survivors (11264K)
 Metaspace       used 49424K, capacity 50799K, committed 51072K, reserved 1093632K
  class space    used 6143K, capacity 6668K, committed 6784K, reserved 1048576K
}
Event: 5.316 GC heap after
{Heap after GC invocations=9 (full 0):
 garbage-first heap   total 472064K, used 32398K [0x0000000680c00000, 0x0000000800000000)
  region size 1024K, 18 young (18432K), 18 survivors (18432K)
 Metaspace       used 49424K, capacity 50799K, committed 51072K, reserved 1093632K
  class space    used 6143K, capacity 6668K, committed 6784K, reserved 1048576K
}
Event: 6.246 GC heap before
{Heap before GC invocations=9 (full 0):
 garbage-first heap   total 472064K, used 299662K [0x0000000680c00000, 0x0000000800000000)
  region size 1024K, 276 young (282624K), 18 survivors (18432K)
 Metaspace       used 53925K, capacity 55428K, committed 55552K, reserved 1097728K
  class space    used 6696K, capacity 7320K, committed 7424K, reserved 1048576K
}
Event: 6.259 GC heap after
{Heap after GC invocations=10 (full 0):
 garbage-first heap   total 472064K, used 35563K [0x0000000680c00000, 0x0000000800000000)
  region size 1024K, 21 young (21504K), 21 survivors (21504K)
 Metaspace       used 53925K, capacity 55428K, committed 55552K, reserved 1097728K
  class space    used 6696K, capacity 7320K, committed 7424K, reserved 1048576K
}
Event: 7.654 GC heap before
{Heap before GC invocations=10 (full 0):
 garbage-first heap   total 472064K, used 261867K [0x0000000680c00000, 0x0000000800000000)
  region size 1024K, 243 young (248832K), 21 survivors (21504K)
 Metaspace       used 58379K, capacity 60072K, committed 60160K, reserved 1101824K
  class space    used 7288K, capacity 7998K, committed 8064K, reserved 1048576K
}
Event: 7.682 GC heap after
{Heap after GC invocations=11 (full 0):
 garbage-first heap   total 567296K, used 38894K [0x0000000680c00000, 0x0000000800000000)
  region size 1024K, 21 young (21504K), 21 survivors (21504K)
 Metaspace       used 58379K, capacity 60072K, committed 60160K, reserved 1101824K
  class space    used 7288K, capacity 7998K, committed 8064K, reserved 1048576K
}
Event: 9.273 GC heap before
{Heap before GC invocations=12 (full 0):
 garbage-first heap   total 567296K, used 356334K [0x0000000680c00000, 0x0000000800000000)
  region size 1024K, 332 young (339968K), 21 survivors (21504K)
 Metaspace       used 71759K, capacity 74671K, committed 74752K, reserved 1114112K
  class space    used 9410K, capacity 10707K, committed 10752K, reserved 1048576K
}
Event: 9.299 GC heap after
{Heap after GC invocations=13 (full 0):
 garbage-first heap   total 567296K, used 44526K [0x0000000680c00000, 0x0000000800000000)
  region size 1024K, 26 young (26624K), 26 survivors (26624K)
 Metaspace       used 71759K, capacity 74671K, committed 74752K, reserved 1114112K
  class space    used 9410K, capacity 10707K, committed 10752K, reserved 1048576K
}
Event: 12.443 GC heap before
{Heap before GC invocations=14 (full 0):
 garbage-first heap   total 567296K, used 356846K [0x0000000680c00000, 0x0000000800000000)
  region size 1024K, 332 young (339968K), 26 survivors (26624K)
 Metaspace       used 95738K, capacity 98969K, committed 99200K, reserved 1134592K
  class space    used 12764K, capacity 14150K, committed 14208K, reserved 1048576K
}

